1652973562092	geckodriver	INFO	Listening on 127.0.0.1:37345
1652973562257	mozrunner::runner	INFO	Running command: "/usr/bin/firefox" "--marionette" "--remote-debugging-port" "32911" "--remote-allow-hosts" "localhost" "-no-remote" "-profile" "/tmp/rust_mozprofileDIsfOS"
ATTENTION: default value of option mesa_glthread overridden by environment.
ATTENTION: default value of option mesa_glthread overridden by environment.
ATTENTION: default value of option mesa_glthread overridden by environment.
ATTENTION: default value of option mesa_glthread overridden by environment.
1652973566515	Marionette	INFO	Marionette enabled
1652973579580	geckodriver	INFO	Listening on 127.0.0.1:36747
1652973579587	mozrunner::runner	INFO	Running command: "/usr/bin/firefox" "--marionette" "--remote-debugging-port" "39811" "--remote-allow-hosts" "localhost" "-no-remote" "-profile" "/tmp/rust_mozprofile061r8i"
ATTENTION: default value of option mesa_glthread overridden by environment.
ATTENTION: default value of option mesa_glthread overridden by environment.
ATTENTION: default value of option mesa_glthread overridden by environment.
ATTENTION: default value of option mesa_glthread overridden by environment.
1652973581709	Marionette	INFO	Marionette enabled
console.warn: SearchSettings: "get: No settings file exists, new profile?" (new NotFoundError("Could not open the file at /tmp/rust_mozprofile061r8i/search.json.mozlz4", (void 0)))
DevTools listening on ws://localhost:39811/devtools/browser/5bb96dad-e22a-4238-93a4-7dd7a2e2f2b2
1652973584711	Marionette	INFO	Listening on port 44601
Read port: 44601
1652973584863	RemoteAgent	WARN	TLS certificate errors will be ignored for this session
1652973616883	Marionette	INFO	Stopped listening on port 44601
console.warn: TopSitesFeed: Failed to fetch data from Contile server: NetworkError when attempting to fetch resource.
1652973879854	geckodriver	INFO	Listening on 127.0.0.1:34345
1652973879860	mozrunner::runner	INFO	Running command: "/usr/bin/firefox" "--marionette" "--headless" "--remote-debugging-port" "42215" "--remote-allow-hosts" "localhost" "-no-remote" "-profile" "/tmp/rust_mozprofilee5O5wb"
*** You are running in headless mode.
1652973881739	Marionette	INFO	Marionette enabled
[GFX1-]: RenderCompositorSWGL failed mapping default framebuffer, no dt
console.warn: SearchSettings: "get: No settings file exists, new profile?" (new NotFoundError("Could not open the file at /tmp/rust_mozprofilee5O5wb/search.json.mozlz4", (void 0)))
DevTools listening on ws://localhost:42215/devtools/browser/202936ad-a348-4fce-a20a-578e5913247d
1652973884099	Marionette	INFO	Listening on port 46879
Read port: 46879
1652973884197	RemoteAgent	WARN	TLS certificate errors will be ignored for this session
1652975484194	geckodriver	INFO	Listening on 127.0.0.1:38299
1652975484201	mozrunner::runner	INFO	Running command: "/usr/bin/firefox" "--marionette" "--remote-debugging-port" "46155" "--remote-allow-hosts" "localhost" "-no-remote" "-profile" "/tmp/rust_mozprofileHoZr3j"
ATTENTION: default value of option mesa_glthread overridden by environment.
ATTENTION: default value of option mesa_glthread overridden by environment.
ATTENTION: default value of option mesa_glthread overridden by environment.
ATTENTION: default value of option mesa_glthread overridden by environment.
1652975486072	Marionette	INFO	Marionette enabled
console.warn: SearchSettings: "get: No settings file exists, new profile?" (new NotFoundError("Could not open the file at /tmp/rust_mozprofileHoZr3j/search.json.mozlz4", (void 0)))
DevTools listening on ws://localhost:46155/devtools/browser/de91f352-ac43-471c-ab6f-731597e418fe
1652975488941	Marionette	INFO	Listening on port 43325
Read port: 43325
1652975489037	RemoteAgent	WARN	TLS certificate errors will be ignored for this session
SourceActor threw an exception: [Exception... "Component returned failure code: 0x80470002 (NS_BASE_STREAM_CLOSED) [nsIInputStream.available]"  nsresult: "0x80470002 (NS_BASE_STREAM_CLOSED)"  location: "JS frame :: resource://devtools/shared/DevToolsUtils.js :: onResponse :: line 567"  data: no]
Stack: onResponse@resource://devtools/shared/DevToolsUtils.js:567:34
onStopRequest@resource://gre/modules/NetUtil.jsm:128:18
Line: 567, column: 0
console.error: ({})
JavaScript error: resource://devtools/shared/DevToolsUtils.js, line 567: NS_BASE_STREAM_CLOSED: Component returned failure code: 0x80470002 (NS_BASE_STREAM_CLOSED) [nsIInputStream.available]
JavaScript error: , line 0: NotFoundError: No such JSWindowActor 'DevToolsFrame'
1652975666681	Marionette	INFO	Stopped listening on port 43325
console.warn: TopSitesFeed: Failed to fetch data from Contile server: NetworkError when attempting to fetch resource.

###!!! [Parent][RunMessage] Error: Channel closing: too late to send/recv, messages will be lost

1652975702854	geckodriver	INFO	Listening on 127.0.0.1:42721
1652975702860	mozrunner::runner	INFO	Running command: "/usr/bin/firefox" "--marionette" "--remote-debugging-port" "56273" "--remote-allow-hosts" "localhost" "-no-remote" "-profile" "/tmp/rust_mozprofilerru4Kv"
ATTENTION: default value of option mesa_glthread overridden by environment.
ATTENTION: default value of option mesa_glthread overridden by environment.
ATTENTION: default value of option mesa_glthread overridden by environment.
ATTENTION: default value of option mesa_glthread overridden by environment.
1652975704639	Marionette	INFO	Marionette enabled
console.warn: SearchSettings: "get: No settings file exists, new profile?" (new NotFoundError("Could not open the file at /tmp/rust_mozprofilerru4Kv/search.json.mozlz4", (void 0)))
DevTools listening on ws://localhost:56273/devtools/browser/991d317f-bbcb-410d-a8ed-c65b701a9081
1652975707554	Marionette	INFO	Listening on port 33999
Read port: 33999
1652975707618	RemoteAgent	WARN	TLS certificate errors will be ignored for this session
1652975760273	Marionette	INFO	Stopped listening on port 33999
console.warn: TopSitesFeed: Failed to fetch data from Contile server: NetworkError when attempting to fetch resource.
1652975765261	geckodriver	INFO	Listening on 127.0.0.1:60323
1652975765267	mozrunner::runner	INFO	Running command: "/usr/bin/firefox" "--marionette" "--remote-debugging-port" "36323" "--remote-allow-hosts" "localhost" "-no-remote" "-profile" "/tmp/rust_mozprofileX6yKdi"
ATTENTION: default value of option mesa_glthread overridden by environment.
ATTENTION: default value of option mesa_glthread overridden by environment.
ATTENTION: default value of option mesa_glthread overridden by environment.
ATTENTION: default value of option mesa_glthread overridden by environment.
1652975767258	Marionette	INFO	Marionette enabled
console.warn: SearchSettings: "get: No settings file exists, new profile?" (new NotFoundError("Could not open the file at /tmp/rust_mozprofileX6yKdi/search.json.mozlz4", (void 0)))
DevTools listening on ws://localhost:36323/devtools/browser/c7e36ece-551f-42c3-a68d-23388c3a760d
1652975770089	Marionette	INFO	Listening on port 36177
Read port: 36177
1652975770216	RemoteAgent	WARN	TLS certificate errors will be ignored for this session
1652975788318	Marionette	INFO	Stopped listening on port 36177
JavaScript error: chrome://remote/content/marionette/cert.js, line 55: NS_ERROR_NOT_AVAILABLE: Component returned failure code: 0x80040111 (NS_ERROR_NOT_AVAILABLE) [nsICertOverrideService.setDisableAllSecurityChecksAndLetAttackersInterceptMyData]
console.warn: TopSitesFeed: Failed to fetch data from Contile server: NetworkError when attempting to fetch resource.

###!!! [Parent][RunMessage] Error: Channel closing: too late to send/recv, messages will be lost

1652975794706	geckodriver	INFO	Listening on 127.0.0.1:34465
1652975794712	mozrunner::runner	INFO	Running command: "/usr/bin/firefox" "--marionette" "--remote-debugging-port" "50811" "--remote-allow-hosts" "localhost" "-no-remote" "-profile" "/tmp/rust_mozprofileZVNtcp"
ATTENTION: default value of option mesa_glthread overridden by environment.
ATTENTION: default value of option mesa_glthread overridden by environment.
ATTENTION: default value of option mesa_glthread overridden by environment.
ATTENTION: default value of option mesa_glthread overridden by environment.
1652975796705	Marionette	INFO	Marionette enabled
console.warn: SearchSettings: "get: No settings file exists, new profile?" (new NotFoundError("Could not open the file at /tmp/rust_mozprofileZVNtcp/search.json.mozlz4", (void 0)))
DevTools listening on ws://localhost:50811/devtools/browser/a813283a-b3e3-4cc1-8df6-169ad1c24fc7
1652975799441	Marionette	INFO	Listening on port 39565
Read port: 39565
1652975799539	RemoteAgent	WARN	TLS certificate errors will be ignored for this session
console.warn: LoginRecipes: "getRecipes: falling back to a synchronous message for:" "https://www.instagram.com"
1652975826145	Marionette	INFO	Stopped listening on port 39565

###!!! [Parent][RunMessage] Error: Channel closing: too late to send/recv, messages will be lost

1652975869426	geckodriver	INFO	Listening on 127.0.0.1:46635
1652975869432	mozrunner::runner	INFO	Running command: "/usr/bin/firefox" "--marionette" "--remote-debugging-port" "32895" "--remote-allow-hosts" "localhost" "-no-remote" "-profile" "/tmp/rust_mozprofileei05Fo"
ATTENTION: default value of option mesa_glthread overridden by environment.
ATTENTION: default value of option mesa_glthread overridden by environment.
ATTENTION: default value of option mesa_glthread overridden by environment.
ATTENTION: default value of option mesa_glthread overridden by environment.
1652975871352	Marionette	INFO	Marionette enabled
console.warn: SearchSettings: "get: No settings file exists, new profile?" (new NotFoundError("Could not open the file at /tmp/rust_mozprofileei05Fo/search.json.mozlz4", (void 0)))
DevTools listening on ws://localhost:32895/devtools/browser/872edc86-f6b0-443e-a142-fc7b2ba9854f
1652975874123	Marionette	INFO	Listening on port 38107
Read port: 38107
1652975874170	RemoteAgent	WARN	TLS certificate errors will be ignored for this session
console.warn: LoginRecipes: "getRecipes: falling back to a synchronous message for:" "https://www.instagram.com"
console.warn: LoginRecipes: "getRecipes: falling back to a synchronous message for:" "https://www.instagram.com"
JavaScript error: resource://gre/modules/LoginManagerParent.jsm, line 136: TypeError: gRecipeManager is null
1652977701409	Marionette	INFO	Stopped listening on port 38107

###!!! [Parent][RunMessage] Error: Channel closing: too late to send/recv, messages will be lost

1652977736565	geckodriver	INFO	Listening on 127.0.0.1:47741
1652977736572	mozrunner::runner	INFO	Running command: "/usr/bin/firefox" "--marionette" "--headless" "--remote-debugging-port" "32921" "--remote-allow-hosts" "localhost" "-no-remote" "-profile" "/tmp/rust_mozprofileOOYxII"
*** You are running in headless mode.
1652977738501	Marionette	INFO	Marionette enabled
[GFX1-]: RenderCompositorSWGL failed mapping default framebuffer, no dt
console.warn: SearchSettings: "get: No settings file exists, new profile?" (new NotFoundError("Could not open the file at /tmp/rust_mozprofileOOYxII/search.json.mozlz4", (void 0)))
DevTools listening on ws://localhost:32921/devtools/browser/891dadb1-a6cd-4c5e-bf22-334983be0792
1652977740751	Marionette	INFO	Listening on port 46051
Read port: 46051
1652977740803	RemoteAgent	WARN	TLS certificate errors will be ignored for this session
1652977796976	geckodriver	INFO	Listening on 127.0.0.1:49003
1652977796983	mozrunner::runner	INFO	Running command: "/usr/bin/firefox" "--marionette" "--headless" "--remote-debugging-port" "39807" "--remote-allow-hosts" "localhost" "-no-remote" "-profile" "/tmp/rust_mozprofileh0qK5H"
*** You are running in headless mode.
1652977798751	Marionette	INFO	Marionette enabled
[GFX1-]: RenderCompositorSWGL failed mapping default framebuffer, no dt
console.warn: SearchSettings: "get: No settings file exists, new profile?" (new NotFoundError("Could not open the file at /tmp/rust_mozprofileh0qK5H/search.json.mozlz4", (void 0)))
DevTools listening on ws://localhost:39807/devtools/browser/e4953f28-1bb1-4804-91fc-fc6d71a7b4e4
1652977801513	Marionette	INFO	Listening on port 46789
Read port: 46789
1652977801609	RemoteAgent	WARN	TLS certificate errors will be ignored for this session
1652977946366	geckodriver	INFO	Listening on 127.0.0.1:43383
1652977946373	mozrunner::runner	INFO	Running command: "/usr/bin/firefox" "--marionette" "--headless" "--remote-debugging-port" "54609" "--remote-allow-hosts" "localhost" "-no-remote" "-profile" "/tmp/rust_mozprofilejLr3O6"
*** You are running in headless mode.
1652977947990	Marionette	INFO	Marionette enabled
[GFX1-]: RenderCompositorSWGL failed mapping default framebuffer, no dt
console.warn: SearchSettings: "get: No settings file exists, new profile?" (new NotFoundError("Could not open the file at /tmp/rust_mozprofilejLr3O6/search.json.mozlz4", (void 0)))
DevTools listening on ws://localhost:54609/devtools/browser/5f60b389-40f0-4801-b62a-b723d5c3b9ea
1652977950279	Marionette	INFO	Listening on port 35717
Read port: 35717
1652977950400	RemoteAgent	WARN	TLS certificate errors will be ignored for this session
